#
# There is insufficient memory for the Java Runtime Environment to continue.
# Native memory allocation (mmap) failed to map 134217728 bytes for Failed to commit area from 0x0000000080000000 to 0x0000000088000000 of length 134217728.
# Possible reasons:
#   The system is out of physical RAM or swap space
#   The process is running with CompressedOops enabled, and the Java Heap may be blocking the growth of the native heap
# Possible solutions:
#   Reduce memory load on the system
#   Increase physical memory or swap space
#   Check if swap backing store is full
#   Decrease Java heap size (-Xmx/-Xms)
#   Decrease number of Java threads
#   Decrease Java thread stack sizes (-Xss)
#   Set larger code cache with -XX:ReservedCodeCacheSize=
# This output file may be truncated or incomplete.
#
#  Out of Memory Error (./open/src/hotspot/os/windows/os_windows.cpp:3287), pid=204772, tid=7548
#
# JRE version:  (11.0.15+8) (build )
# Java VM: Java HotSpot(TM) 64-Bit Server VM (11.0.15+8-LTS-149, mixed mode, sharing, tiered, compressed oops, g1 gc, windows-amd64)
# No core dump will be written. Minidumps are not enabled by default on client versions of Windows
#

---------------  S U M M A R Y ------------

Command Line: C:\Users\sfjbs\IdeaProjects\darsh\Day1\simple-maven-app\target\surefire\surefirebooter9154132761126785252.jar C:\Users\sfjbs\IdeaProjects\darsh\Day1\simple-maven-app\target\surefire\surefire6814438516802571849tmp C:\Users\sfjbs\IdeaProjects\darsh\Day1\simple-maven-app\target\surefire\surefire_04949204169151201107tmp

Host: Intel(R) Xeon(R) Platinum 8272CL CPU @ 2.60GHz, 2 cores, 7G,  Windows 10 , 64 bit Build 19041 (10.0.19041.1889)
Time: Tue Aug 23 08:51:12 2022 Coordinated Universal Time elapsed time: 0.033085 seconds (0d 0h 0m 0s)

---------------  T H R E A D  ---------------

Current thread (0x000001d33e21a000):  JavaThread "Unknown thread" [_thread_in_vm, id=7548, stack(0x000000aa10300000,0x000000aa10400000)]

Stack: [0x000000aa10300000,0x000000aa10400000]
Native frames: (J=compiled Java code, j=interpreted, Vv=VM code, C=native code)
V  [jvm.dll+0x629d8a]
V  [jvm.dll+0x7638ff]
V  [jvm.dll+0x764fa9]
V  [jvm.dll+0x765633]
V  [jvm.dll+0x23d9c8]
V  [jvm.dll+0x6270aa]
V  [jvm.dll+0x61be35]
V  [jvm.dll+0x2f27dc]
V  [jvm.dll+0x2f2662]
V  [jvm.dll+0x2f7386]
V  [jvm.dll+0x339d8f]
V  [jvm.dll+0x3397c0]
V  [jvm.dll+0x2cfdf8]
V  [jvm.dll+0x2d0f66]
V  [jvm.dll+0x73df07]
V  [jvm.dll+0x73f79f]
V  [jvm.dll+0x346ab9]
V  [jvm.dll+0x723810]
V  [jvm.dll+0x3b56cf]
V  [jvm.dll+0x3b77e1]
C  [jli.dll+0x5207]
C  [ucrtbase.dll+0x21bb2]
C  [KERNEL32.DLL+0x17034]
C  [ntdll.dll+0x52651]


---------------  P R O C E S S  ---------------

Threads class SMR info:
_java_thread_list=0x000001d33e141380, length=0, elements={
}

Java Threads: ( => current thread )

Other Threads:
  0x000001d340318000 GCTaskThread "GC Thread#0" [stack: 0x000000aa10500000,0x000000aa10600000] [id=200876]
  0x000001d34034b800 ConcurrentGCThread "G1 Main Marker" [stack: 0x000000aa10600000,0x000000aa10700000] [id=203656]
  0x000001d34034c800 ConcurrentGCThread "G1 Conc#0" [stack: 0x000000aa10700000,0x000000aa10800000] [id=189648]

[error occurred during error reporting (printing all threads), id 0xc0000005, EXCEPTION_ACCESS_VIOLATION (0xc0000005) at pc=0x00007ff98601f087]

VM state:not at safepoint (not fully initialized)

VM Mutex/Monitor currently owned by a thread:  ([mutex/lock_event])
[0x000001d340305d30] Heap_lock - owner thread: 0x000001d33e21a000

Heap address: 0x0000000080000000, size: 2048 MB, Compressed Oops mode: Non-zero based: 0x0000000080000000
Narrow klass base: 0x0000000000000000, Narrow klass shift: 0

GC Heap History (0 events):
No events

Deoptimization events (0 events):
No events

Classes redefined (0 events):
No events

Internal exceptions (0 events):
No events

Events (0 events):
No events


Dynamic libraries:
0x00007ff7103b0000 - 0x00007ff7103bf000 	C:\Program Files\Java\jdk-11.0.15\bin\java.exe
0x00007ff99a2d0000 - 0x00007ff99a4c8000 	C:\Windows\SYSTEM32\ntdll.dll
0x00007ff999990000 - 0x00007ff999a4d000 	C:\Windows\System32\KERNEL32.DLL
0x00007ff997a90000 - 0x00007ff997d5e000 	C:\Windows\System32\KERNELBASE.dll
0x00007ff998120000 - 0x00007ff998220000 	C:\Windows\System32\ucrtbase.dll
0x00007ff9872d0000 - 0x00007ff9872e8000 	C:\Program Files\Java\jdk-11.0.15\bin\jli.dll
0x00007ff999530000 - 0x00007ff9995de000 	C:\Windows\System32\ADVAPI32.dll
0x00007ff999c90000 - 0x00007ff999d2e000 	C:\Windows\System32\msvcrt.dll
0x00007ff9987a0000 - 0x00007ff99883c000 	C:\Windows\System32\sechost.dll
0x00007ff999320000 - 0x00007ff999445000 	C:\Windows\System32\RPCRT4.dll
0x00007ff99a090000 - 0x00007ff99a230000 	C:\Windows\System32\USER32.dll
0x00007ff9979f0000 - 0x00007ff997a12000 	C:\Windows\System32\win32u.dll
0x00007ff998840000 - 0x00007ff99886a000 	C:\Windows\System32\GDI32.dll
0x00007ff998220000 - 0x00007ff99832b000 	C:\Windows\System32\gdi32full.dll
0x00007ff997d60000 - 0x00007ff997dfd000 	C:\Windows\System32\msvcp_win.dll
0x00007ff987380000 - 0x00007ff987395000 	C:\Program Files\Java\jdk-11.0.15\bin\VCRUNTIME140.dll
0x00007ff986e30000 - 0x00007ff9870ca000 	C:\Windows\WinSxS\amd64_microsoft.windows.common-controls_6595b64144ccf1df_6.0.19041.1110_none_60b5254171f9507e\COMCTL32.dll
0x00007ff98f290000 - 0x00007ff98f29a000 	C:\Windows\SYSTEM32\VERSION.dll
0x00007ff998920000 - 0x00007ff998950000 	C:\Windows\System32\IMM32.DLL
0x00007ff987230000 - 0x00007ff9872cb000 	C:\Program Files\Java\jdk-11.0.15\bin\msvcp140.dll
0x00007ff985d40000 - 0x00007ff986856000 	C:\Program Files\Java\jdk-11.0.15\bin\server\jvm.dll
0x00007ff9992a0000 - 0x00007ff9992a8000 	C:\Windows\System32\PSAPI.DLL
0x00007ff987370000 - 0x00007ff987379000 	C:\Windows\SYSTEM32\WSOCK32.dll
0x00007ff9992b0000 - 0x00007ff99931b000 	C:\Windows\System32\WS2_32.dll
0x00007ff987200000 - 0x00007ff987227000 	C:\Windows\SYSTEM32\WINMM.dll
0x00007ff9958d0000 - 0x00007ff9958e2000 	C:\Windows\SYSTEM32\kernel.appcore.dll
0x00007ff985bc0000 - 0x00007ff985bd0000 	C:\Program Files\Java\jdk-11.0.15\bin\verify.dll
0x00007ff9907f0000 - 0x00007ff9909d4000 	C:\Windows\SYSTEM32\DBGHELP.DLL
0x00007ff9907c0000 - 0x00007ff9907ec000 	C:\Windows\SYSTEM32\dbgcore.DLL
0x00007ff998040000 - 0x00007ff9980c2000 	C:\Windows\System32\bcryptPrimitives.dll
0x00007ff985b90000 - 0x00007ff985bb8000 	C:\Program Files\Java\jdk-11.0.15\bin\java.dll
0x00007ff985b80000 - 0x00007ff985b8a000 	C:\Program Files\Java\jdk-11.0.15\bin\jimage.dll
0x00007ff985b60000 - 0x00007ff985b76000 	C:\Program Files\Java\jdk-11.0.15\bin\zip.dll

dbghelp: loaded successfully - version: 4.0.5 - missing functions: none
symbol engine: initialized successfully - sym options: 0x614 - pdb path: .;C:\Program Files\Java\jdk-11.0.15\bin;C:\Windows\SYSTEM32;C:\Windows\WinSxS\amd64_microsoft.windows.common-controls_6595b64144ccf1df_6.0.19041.1110_none_60b5254171f9507e;C:\Program Files\Java\jdk-11.0.15\bin\server

VM Arguments:
java_command: C:\Users\sfjbs\IdeaProjects\darsh\Day1\simple-maven-app\target\surefire\surefirebooter9154132761126785252.jar C:\Users\sfjbs\IdeaProjects\darsh\Day1\simple-maven-app\target\surefire\surefire6814438516802571849tmp C:\Users\sfjbs\IdeaProjects\darsh\Day1\simple-maven-app\target\surefire\surefire_04949204169151201107tmp
java_class_path (initial): C:\Users\sfjbs\IdeaProjects\darsh\Day1\simple-maven-app\target\surefire\surefirebooter9154132761126785252.jar
Launcher Type: SUN_STANDARD

[Global flags]
     intx CICompilerCount                          = 2                                         {product} {ergonomic}
     uint ConcGCThreads                            = 1                                         {product} {ergonomic}
     uint G1ConcRefinementThreads                  = 2                                         {product} {ergonomic}
   size_t G1HeapRegionSize                         = 1048576                                   {product} {ergonomic}
    uintx GCDrainStackTargetSize                   = 64                                        {product} {ergonomic}
   size_t InitialHeapSize                          = 134217728                                 {product} {ergonomic}
   size_t MarkStackSize                            = 4194304                                   {product} {ergonomic}
   size_t MaxHeapSize                              = 2147483648                                {product} {ergonomic}
   size_t MinHeapDeltaBytes                        = 1048576                                   {product} {ergonomic}
    uintx NonNMethodCodeHeapSize                   = 5825164                                {pd product} {ergonomic}
    uintx NonProfiledCodeHeapSize                  = 122916538                              {pd product} {ergonomic}
    uintx ProfiledCodeHeapSize                     = 122916538                              {pd product} {ergonomic}
    uintx ReservedCodeCacheSize                    = 251658240                              {pd product} {ergonomic}
     bool SegmentedCodeCache                       = true                                      {product} {ergonomic}
     bool UseCompressedClassPointers               = true                                 {lp64_product} {ergonomic}
     bool UseCompressedOops                        = true                                 {lp64_product} {ergonomic}
     bool UseG1GC                                  = true                                      {product} {ergonomic}
     bool UseLargePagesIndividualAllocation        = false                                  {pd product} {ergonomic}

Logging:
Log output configuration:
 #0: stdout all=warning uptime,level,tags
 #1: stderr all=off uptime,level,tags

Environment Variables:
PATH=C:\Program Files\Common Files\Oracle\Java\javapath;C:\Windows\system32;C:\Windows;C:\Windows\System32\Wbem;C:\Windows\System32\WindowsPowerShell\v1.0\;C:\Windows\System32\OpenSSH\;C:\Program Files\PuTTY\;C:\Program Files\Git\cmd;C:\Program Files\Docker\Docker\resources\bin;C:\ProgramData\DockerDesktop\version-bin;C:\Users\sfjbs\Downloads\apache-maven-3.8.6-bin\apache-maven-3.8.6\bin;C:\Users\sfjbs\Downloads\apache-maven-3.8.6-bin\apache-maven-3.8.6\lib;C:\Users\sfjbs\AppData\Local\Microsoft\WindowsApps;C:\Program Files\JetBrains\IntelliJ IDEA Community Edition 2022.2.1\bin;;C:\Users\sfjbs\Downloads\apache-maven-3.8.6-bin\apache-maven-3.8.6\bin;C:\Users\sfjbs\Downloads\apache-maven-3.8.6-bin\apache-maven-3.8.6\lib;
USERNAME=sfjbs
OS=Windows_NT
PROCESSOR_IDENTIFIER=Intel64 Family 6 Model 85 Stepping 7, GenuineIntel



---------------  S Y S T E M  ---------------

OS: Windows 10 , 64 bit Build 19041 (10.0.19041.1889)
Hyper-V role detected

CPU:total 2 (initial active 2) (1 cores per cpu, 2 threads per core) family 6 model 85 stepping 7 microcode 0xffffffff, cmov, cx8, fxsr, mmx, sse, sse2, sse3, ssse3, sse4.1, sse4.2, popcnt, avx, avx2, aes, clmul, erms, rtm, 3dnowpref, lzcnt, ht, tsc, bmi1, bmi2, adx, evex, fma

Memory: 4k page, system-wide physical 8190M (560M free)
TotalPageFile size 10238M (AvailPageFile size 19M)
current process WorkingSet (physical memory assigned to process): 9M, peak: 9M
current process commit charge ("private bytes"): 47M, peak: 175M

vm_info: Java HotSpot(TM) 64-Bit Server VM (11.0.15+8-LTS-149) for windows-amd64 JRE (11.0.15+8-LTS-149), built on Mar  9 2022 22:42:32 by "mach5one" with MS VC++ 15.9 (VS2017)

END.
