#
# There is insufficient memory for the Java Runtime Environment to continue.
# Native memory allocation (mmap) failed to map 134217728 bytes for Failed to commit area from 0x0000000080000000 to 0x0000000088000000 of length 134217728.
# Possible reasons:
#   The system is out of physical RAM or swap space
#   The process is running with CompressedOops enabled, and the Java Heap may be blocking the growth of the native heap
# Possible solutions:
#   Reduce memory load on the system
#   Increase physical memory or swap space
#   Check if swap backing store is full
#   Decrease Java heap size (-Xmx/-Xms)
#   Decrease number of Java threads
#   Decrease Java thread stack sizes (-Xss)
#   Set larger code cache with -XX:ReservedCodeCacheSize=
# This output file may be truncated or incomplete.
#
#  Out of Memory Error (./open/src/hotspot/os/windows/os_windows.cpp:3287), pid=26200, tid=24916
#
# JRE version:  (11.0.15+8) (build )
# Java VM: Java HotSpot(TM) 64-Bit Server VM (11.0.15+8-LTS-149, mixed mode, sharing, tiered, compressed oops, g1 gc, windows-amd64)
# No core dump will be written. Minidumps are not enabled by default on client versions of Windows
#

---------------  S U M M A R Y ------------

Command Line: -Xverify:none -XX:TieredStopAtLevel=1 com.darsh.app.springbootcalculator.SpringBootCalculatorApplication

Host: Intel(R) Xeon(R) Platinum 8272CL CPU @ 2.60GHz, 2 cores, 7G,  Windows 10 , 64 bit Build 19041 (10.0.19041.1889)
Time: Thu Aug 25 11:03:56 2022 Coordinated Universal Time elapsed time: 0.022101 seconds (0d 0h 0m 0s)

---------------  T H R E A D  ---------------

Current thread (0x00000228bde7a800):  JavaThread "Unknown thread" [_thread_in_vm, id=24916, stack(0x000000622b600000,0x000000622b700000)]

Stack: [0x000000622b600000,0x000000622b700000]
Native frames: (J=compiled Java code, j=interpreted, Vv=VM code, C=native code)
V  [jvm.dll+0x629d8a]
V  [jvm.dll+0x7638ff]
V  [jvm.dll+0x764fa9]
V  [jvm.dll+0x765633]
V  [jvm.dll+0x23d9c8]
V  [jvm.dll+0x6270aa]
V  [jvm.dll+0x61be35]
V  [jvm.dll+0x2f27dc]
V  [jvm.dll+0x2f2662]
V  [jvm.dll+0x2f7386]
V  [jvm.dll+0x339d8f]
V  [jvm.dll+0x3397c0]
V  [jvm.dll+0x2cfdf8]
V  [jvm.dll+0x2d0f66]
V  [jvm.dll+0x73df07]
V  [jvm.dll+0x73f79f]
V  [jvm.dll+0x346ab9]
V  [jvm.dll+0x723810]
V  [jvm.dll+0x3b56cf]
V  [jvm.dll+0x3b77e1]
C  [jli.dll+0x5207]
C  [ucrtbase.dll+0x21bb2]
C  [KERNEL32.DLL+0x17034]
C  [ntdll.dll+0x52651]


---------------  P R O C E S S  ---------------

Threads class SMR info:
_java_thread_list=0x00000228bdc93200, length=0, elements={
}

Java Threads: ( => current thread )

Other Threads:
  0x00000228bde8f800 GCTaskThread "GC Thread#0" [stack: 0x000000622b700000,0x000000622b800000] [id=25452]
  0x00000228bdec0000 ConcurrentGCThread "G1 Main Marker" [stack: 0x000000622b800000,0x000000622b900000] [id=22848]
  0x00000228bdec1800 ConcurrentGCThread "G1 Conc#0" [stack: 0x000000622b900000,0x000000622ba00000] [id=10196]

[error occurred during error reporting (printing all threads), id 0xc0000005, EXCEPTION_ACCESS_VIOLATION (0xc0000005) at pc=0x00007ffdc8eff087]

VM state:not at safepoint (not fully initialized)

VM Mutex/Monitor currently owned by a thread:  ([mutex/lock_event])
[0x00000228bde74150] Heap_lock - owner thread: 0x00000228bde7a800

Heap address: 0x0000000080000000, size: 2048 MB, Compressed Oops mode: Non-zero based: 0x0000000080000000
Narrow klass base: 0x0000000000000000, Narrow klass shift: 0

GC Heap History (0 events):
No events

Deoptimization events (0 events):
No events

Classes redefined (0 events):
No events

Internal exceptions (0 events):
No events

Events (0 events):
No events


Dynamic libraries:
0x00007ff68fd10000 - 0x00007ff68fd1f000 	C:\Program Files\Java\jdk-11.0.15\bin\java.exe
0x00007ffde0890000 - 0x00007ffde0a88000 	C:\Windows\SYSTEM32\ntdll.dll
0x00007ffdde8f0000 - 0x00007ffdde9ad000 	C:\Windows\System32\KERNEL32.DLL
0x00007ffdddfb0000 - 0x00007ffdde27e000 	C:\Windows\System32\KERNELBASE.dll
0x00007ffdde760000 - 0x00007ffdde860000 	C:\Windows\System32\ucrtbase.dll
0x00007ffdc9a80000 - 0x00007ffdc9a95000 	C:\Program Files\Java\jdk-11.0.15\bin\VCRUNTIME140.dll
0x00007ffdc9aa0000 - 0x00007ffdc9ab8000 	C:\Program Files\Java\jdk-11.0.15\bin\jli.dll
0x00007ffde07a0000 - 0x00007ffde084e000 	C:\Windows\System32\ADVAPI32.dll
0x00007ffddec10000 - 0x00007ffddecae000 	C:\Windows\System32\msvcrt.dll
0x00007ffde0550000 - 0x00007ffde05ec000 	C:\Windows\System32\sechost.dll
0x00007ffde05f0000 - 0x00007ffde0715000 	C:\Windows\System32\RPCRT4.dll
0x00007ffddecb0000 - 0x00007ffddee50000 	C:\Windows\System32\USER32.dll
0x00007ffdde590000 - 0x00007ffdde5b2000 	C:\Windows\System32\win32u.dll
0x00007ffde0330000 - 0x00007ffde035a000 	C:\Windows\System32\GDI32.dll
0x00007ffdde2b0000 - 0x00007ffdde3bb000 	C:\Windows\System32\gdi32full.dll
0x00007ffdc97e0000 - 0x00007ffdc9a7a000 	C:\Windows\WinSxS\amd64_microsoft.windows.common-controls_6595b64144ccf1df_6.0.19041.1110_none_60b5254171f9507e\COMCTL32.dll
0x00007ffdde670000 - 0x00007ffdde70d000 	C:\Windows\System32\msvcp_win.dll
0x00007ffdd61b0000 - 0x00007ffdd61ba000 	C:\Windows\SYSTEM32\VERSION.dll
0x00007ffddffa0000 - 0x00007ffddffd0000 	C:\Windows\System32\IMM32.DLL
0x00007ffdc9740000 - 0x00007ffdc97db000 	C:\Program Files\Java\jdk-11.0.15\bin\msvcp140.dll
0x00007ffdc8c20000 - 0x00007ffdc9736000 	C:\Program Files\Java\jdk-11.0.15\bin\server\jvm.dll
0x00007ffddec00000 - 0x00007ffddec08000 	C:\Windows\System32\PSAPI.DLL
0x00007ffdc8c10000 - 0x00007ffdc8c19000 	C:\Windows\SYSTEM32\WSOCK32.dll
0x00007ffdc8be0000 - 0x00007ffdc8c07000 	C:\Windows\SYSTEM32\WINMM.dll
0x00007ffddf450000 - 0x00007ffddf4bb000 	C:\Windows\System32\WS2_32.dll
0x00007ffddbe90000 - 0x00007ffddbea2000 	C:\Windows\SYSTEM32\kernel.appcore.dll
0x00007ffdc8810000 - 0x00007ffdc8820000 	C:\Program Files\Java\jdk-11.0.15\bin\verify.dll
0x00007ffdccaf0000 - 0x00007ffdcccd4000 	C:\Windows\SYSTEM32\DBGHELP.DLL
0x00007ffdccab0000 - 0x00007ffdccadc000 	C:\Windows\SYSTEM32\dbgcore.DLL
0x00007ffdde860000 - 0x00007ffdde8e2000 	C:\Windows\System32\bcryptPrimitives.dll
0x00007ffdc87e0000 - 0x00007ffdc8808000 	C:\Program Files\Java\jdk-11.0.15\bin\java.dll
0x00007ffdc87d0000 - 0x00007ffdc87da000 	C:\Program Files\Java\jdk-11.0.15\bin\jimage.dll
0x00007ffdc87b0000 - 0x00007ffdc87c6000 	C:\Program Files\Java\jdk-11.0.15\bin\zip.dll

dbghelp: loaded successfully - version: 4.0.5 - missing functions: none
symbol engine: initialized successfully - sym options: 0x614 - pdb path: .;C:\Program Files\Java\jdk-11.0.15\bin;C:\Windows\SYSTEM32;C:\Windows\WinSxS\amd64_microsoft.windows.common-controls_6595b64144ccf1df_6.0.19041.1110_none_60b5254171f9507e;C:\Program Files\Java\jdk-11.0.15\bin\server

VM Arguments:
jvm_args: -Xverify:none -XX:TieredStopAtLevel=1 
java_command: com.darsh.app.springbootcalculator.SpringBootCalculatorApplication
java_class_path (initial): C:\Users\sfjbs\IdeaProjects\darsh\Day3\spring-boot-calculator\target\classes;C:\Users\sfjbs\.m2\repository\org\springframework\boot\spring-boot\2.7.3\spring-boot-2.7.3.jar;C:\Users\sfjbs\.m2\repository\org\springframework\boot\spring-boot-autoconfigure\2.7.3\spring-boot-autoconfigure-2.7.3.jar;C:\Users\sfjbs\.m2\repository\ch\qos\logback\logback-classic\1.2.11\logback-classic-1.2.11.jar;C:\Users\sfjbs\.m2\repository\ch\qos\logback\logback-core\1.2.11\logback-core-1.2.11.jar;C:\Users\sfjbs\.m2\repository\org\apache\logging\log4j\log4j-to-slf4j\2.17.2\log4j-to-slf4j-2.17.2.jar;C:\Users\sfjbs\.m2\repository\org\apache\logging\log4j\log4j-api\2.17.2\log4j-api-2.17.2.jar;C:\Users\sfjbs\.m2\repository\org\slf4j\jul-to-slf4j\1.7.36\jul-to-slf4j-1.7.36.jar;C:\Users\sfjbs\.m2\repository\jakarta\annotation\jakarta.annotation-api\1.3.5\jakarta.annotation-api-1.3.5.jar;C:\Users\sfjbs\.m2\repository\org\yaml\snakeyaml\1.30\snakeyaml-1.30.jar;C:\Users\sfjbs\.m2\repository\com\fasterxml\jackson\core\jackson-databind\2.13.3\jackson-databind-2.13.3.jar;C:\Users\sfjbs\.m2\repository\com\fasterxml\jackson\core\jackson-annotations\2.13.3\jackson-annotations-2.13.3.jar;C:\Users\sfjbs\.m2\repository\com\fasterxml\jackson\core\jackson-core\2.13.3\jackson-core-2.13.3.jar;C:\Users\sfjbs\.m2\repository\com\fasterxml\jackson\datatype\jackson-datatype-jdk8\2.13.3\jackson-datatype-jdk8-2.13.3.jar;C:\Users\sfjbs\.m2\repository\com\fasterxml\jackson\datatype\jackson-datatype-jsr310\2.13.3\jackson-datatype-jsr310-2.13.3.jar;C:\Users\sfjbs\.m2\repository\com\fasterxml\jackson\module\jackson-module-parameter-names\2.13.3\jackson-module-parameter-names-2.13.3.jar;C:\Users\sfjbs\.m2\repository\org\apache\tomcat\embed\tomcat-embed-core\9.0.65\tomcat-embed-core-9.0.65.jar;C:\Users\sfjbs\.m2\repository\org\apache\tomcat\embed\tomcat-embed-el\9.0.65\tomcat-embed-el-9.0.65.jar;C:\Users\sfjbs\.m2\repository\org\apache\tomcat\embed\tomcat-embed-websocket\9.0.65\tomcat-embed-webso
Launcher Type: SUN_STANDARD

[Global flags]
     bool BytecodeVerificationLocal                = false                                     {product} {command line}
     bool BytecodeVerificationRemote               = false                                     {product} {command line}
     intx CICompilerCount                          = 2                                         {product} {ergonomic}
     uint ConcGCThreads                            = 1                                         {product} {ergonomic}
     uint G1ConcRefinementThreads                  = 2                                         {product} {ergonomic}
   size_t G1HeapRegionSize                         = 1048576                                   {product} {ergonomic}
    uintx GCDrainStackTargetSize                   = 64                                        {product} {ergonomic}
   size_t InitialHeapSize                          = 134217728                                 {product} {ergonomic}
   size_t MarkStackSize                            = 4194304                                   {product} {ergonomic}
   size_t MaxHeapSize                              = 2147483648                                {product} {ergonomic}
   size_t MinHeapDeltaBytes                        = 1048576                                   {product} {ergonomic}
    uintx NonNMethodCodeHeapSize                   = 6396312                                {pd product} {ergonomic}
    uintx NonProfiledCodeHeapSize                  = 245261928                              {pd product} {ergonomic}
    uintx ProfiledCodeHeapSize                     = 0                                      {pd product} {ergonomic}
    uintx ReservedCodeCacheSize                    = 251658240                              {pd product} {ergonomic}
     bool SegmentedCodeCache                       = true                                      {product} {ergonomic}
     intx TieredStopAtLevel                        = 1                                         {product} {command line}
     bool UseCompressedClassPointers               = true                                 {lp64_product} {ergonomic}
     bool UseCompressedOops                        = true                                 {lp64_product} {ergonomic}
     bool UseG1GC                                  = true                                      {product} {ergonomic}
     bool UseLargePagesIndividualAllocation        = false                                  {pd product} {ergonomic}

Logging:
Log output configuration:
 #0: stdout all=warning uptime,level,tags
 #1: stderr all=off uptime,level,tags

Environment Variables:
PATH=C:\Program Files\Common Files\Oracle\Java\javapath;C:\Windows\system32;C:\Windows;C:\Windows\System32\Wbem;C:\Windows\System32\WindowsPowerShell\v1.0\;C:\Windows\System32\OpenSSH\;C:\Program Files\PuTTY\;C:\Program Files\Git\cmd;C:\Program Files\Docker\Docker\resources\bin;C:\ProgramData\DockerDesktop\version-bin;C:\Users\sfjbs\Downloads\apache-maven-3.8.6-bin\apache-maven-3.8.6\bin;C:\Users\sfjbs\Downloads\apache-maven-3.8.6-bin\apache-maven-3.8.6\lib;C:\Users\sfjbs\AppData\Local\Microsoft\WindowsApps;C:\Program Files\JetBrains\IntelliJ IDEA Community Edition 2022.2.1\bin;;C:\Users\sfjbs\Downloads\apache-maven-3.8.6-bin\apache-maven-3.8.6\bin;C:\Users\sfjbs\Downloads\apache-maven-3.8.6-bin\apache-maven-3.8.6\lib;
USERNAME=sfjbs
OS=Windows_NT
PROCESSOR_IDENTIFIER=Intel64 Family 6 Model 85 Stepping 7, GenuineIntel



---------------  S Y S T E M  ---------------

OS: Windows 10 , 64 bit Build 19041 (10.0.19041.1889)
Hyper-V role detected

CPU:total 2 (initial active 2) (1 cores per cpu, 2 threads per core) family 6 model 85 stepping 7 microcode 0xffffffff, cmov, cx8, fxsr, mmx, sse, sse2, sse3, ssse3, sse4.1, sse4.2, popcnt, avx, avx2, aes, clmul, erms, rtm, 3dnowpref, lzcnt, ht, tsc, bmi1, bmi2, adx, evex, fma

Memory: 4k page, system-wide physical 8190M (927M free)
TotalPageFile size 10238M (AvailPageFile size 103M)
current process WorkingSet (physical memory assigned to process): 9M, peak: 9M
current process commit charge ("private bytes"): 45M, peak: 173M

vm_info: Java HotSpot(TM) 64-Bit Server VM (11.0.15+8-LTS-149) for windows-amd64 JRE (11.0.15+8-LTS-149), built on Mar  9 2022 22:42:32 by "mach5one" with MS VC++ 15.9 (VS2017)

END.
