#
# There is insufficient memory for the Java Runtime Environment to continue.
# Native memory allocation (malloc) failed to allocate 32744 bytes for ChunkPool::allocate
# Possible reasons:
#   The system is out of physical RAM or swap space
#   The process is running with CompressedOops enabled, and the Java Heap may be blocking the growth of the native heap
# Possible solutions:
#   Reduce memory load on the system
#   Increase physical memory or swap space
#   Check if swap backing store is full
#   Decrease Java heap size (-Xmx/-Xms)
#   Decrease number of Java threads
#   Decrease Java thread stack sizes (-Xss)
#   Set larger code cache with -XX:ReservedCodeCacheSize=
#   JVM is running with Unscaled Compressed Oops mode in which the Java heap is
#     placed in the first 4GB address space. The Java Heap base address is the
#     maximum limit for the native heap growth. Please use -XX:HeapBaseMinAddress
#     to set the Java Heap base and to place the Java Heap above 4GB virtual address.
# This output file may be truncated or incomplete.
#
#  Out of Memory Error (./open/src/hotspot/share/memory/arena.cpp:81), pid=13064, tid=10164
#
# JRE version: Java(TM) SE Runtime Environment 18.9 (11.0.15+8) (build 11.0.15+8-LTS-149)
# Java VM: Java HotSpot(TM) 64-Bit Server VM 18.9 (11.0.15+8-LTS-149, mixed mode, tiered, compressed oops, g1 gc, windows-amd64)
# No core dump will be written. Minidumps are not enabled by default on client versions of Windows
#

---------------  S U M M A R Y ------------

Command Line: -Dclassworlds.conf=C:\Users\sfjbs\Downloads\apache-maven-3.8.6-bin\apache-maven-3.8.6\bin\m2.conf -Dmaven.home=C:\Users\sfjbs\Downloads\apache-maven-3.8.6-bin\apache-maven-3.8.6 -Dlibrary.jansi.path=C:\Users\sfjbs\Downloads\apache-maven-3.8.6-bin\apache-maven-3.8.6\lib\jansi-native -Dmaven.multiModuleProjectDirectory=C:\Users\sfjbs\IdeaProjects\darsh\Day1\simple-maven-app org.codehaus.plexus.classworlds.launcher.Launcher clean install

Host: Intel(R) Xeon(R) Platinum 8272CL CPU @ 2.60GHz, 2 cores, 7G,  Windows 10 , 64 bit Build 19041 (10.0.19041.1889)
Time: Tue Aug 23 09:18:30 2022 Coordinated Universal Time elapsed time: 17.516521 seconds (0d 0h 0m 17s)

---------------  T H R E A D  ---------------

Current thread (0x000001a7fa741000):  JavaThread "C2 CompilerThread0" daemon [_thread_in_native, id=10164, stack(0x0000002998e00000,0x0000002998f00000)]


Current CompileTask:
C2:  17516 3547   !   4       jdk.internal.loader.BuiltinClassLoader::loadClassOrNull (143 bytes)

Stack: [0x0000002998e00000,0x0000002998f00000]
Native frames: (J=compiled Java code, j=interpreted, Vv=VM code, C=native code)
V  [jvm.dll+0x629d8a]
V  [jvm.dll+0x7638ff]
V  [jvm.dll+0x764fa9]
V  [jvm.dll+0x765633]
V  [jvm.dll+0x23d9c8]
V  [jvm.dll+0xb2c7b]
V  [jvm.dll+0xb2fdc]
V  [jvm.dll+0xb2b2b]
V  [jvm.dll+0x60a0af]
V  [jvm.dll+0x659564]
V  [jvm.dll+0x18cddd]
V  [jvm.dll+0x1f8672]
V  [jvm.dll+0x1f774d]
V  [jvm.dll+0x177c51]
V  [jvm.dll+0x207026]
V  [jvm.dll+0x2051bb]
V  [jvm.dll+0x729820]
V  [jvm.dll+0x7223f4]
V  [jvm.dll+0x628c26]
C  [ucrtbase.dll+0x21bb2]
C  [KERNEL32.DLL+0x17034]
C  [ntdll.dll+0x52651]


---------------  P R O C E S S  ---------------

Threads class SMR info:
_java_thread_list=0x000001a7fb133b80, length=10, elements={
0x000001a7db46b000, 0x000001a7fa71b000, 0x000001a7fa71c800, 0x000001a7fa738800,
0x000001a7fa73c000, 0x000001a7fa740000, 0x000001a7fa741000, 0x000001a7fa77b000,
0x000001a7fa77c000, 0x000001a7fb190800
}

Java Threads: ( => current thread )
  0x000001a7db46b000 JavaThread "main" [_thread_in_vm, id=208004, stack(0x0000002998100000,0x0000002998200000)]
  0x000001a7fa71b000 JavaThread "Reference Handler" daemon [_thread_blocked, id=8184, stack(0x0000002998900000,0x0000002998a00000)]
  0x000001a7fa71c800 JavaThread "Finalizer" daemon [_thread_blocked, id=206768, stack(0x0000002998a00000,0x0000002998b00000)]
  0x000001a7fa738800 JavaThread "Signal Dispatcher" daemon [_thread_blocked, id=209840, stack(0x0000002998b00000,0x0000002998c00000)]
  0x000001a7fa73c000 JavaThread "Attach Listener" daemon [_thread_blocked, id=14116, stack(0x0000002998c00000,0x0000002998d00000)]
  0x000001a7fa740000 JavaThread "Service Thread" daemon [_thread_blocked, id=35340, stack(0x0000002998d00000,0x0000002998e00000)]
=>0x000001a7fa741000 JavaThread "C2 CompilerThread0" daemon [_thread_in_native, id=10164, stack(0x0000002998e00000,0x0000002998f00000)]
  0x000001a7fa77b000 JavaThread "C1 CompilerThread0" daemon [_thread_blocked, id=14172, stack(0x0000002998f00000,0x0000002999000000)]
  0x000001a7fa77c000 JavaThread "Sweeper thread" daemon [_thread_blocked, id=14300, stack(0x0000002999000000,0x0000002999100000)]
  0x000001a7fb190800 JavaThread "Common-Cleaner" daemon [_thread_blocked, id=205188, stack(0x0000002999200000,0x0000002999300000)]

Other Threads:
  0x000001a7fa718000 VMThread "VM Thread" [stack: 0x0000002998800000,0x0000002998900000] [id=14072]
  0x000001a7fb190000 WatcherThread [stack: 0x0000002999100000,0x0000002999200000] [id=207576]
  0x000001a7db47f000 GCTaskThread "GC Thread#0" [stack: 0x0000002998300000,0x0000002998400000] [id=11620]
  0x000001a7fb6c1800 GCTaskThread "GC Thread#1" [stack: 0x0000002999300000,0x0000002999400000] [id=207780]
  0x000001a7db4aa800 ConcurrentGCThread "G1 Main Marker" [stack: 0x0000002998400000,0x0000002998500000] [id=206540]
  0x000001a7db4ac000 ConcurrentGCThread "G1 Conc#0" [stack: 0x0000002998500000,0x0000002998600000] [id=11848]
  0x000001a7db532800 ConcurrentGCThread "G1 Refine#0" [stack: 0x0000002998600000,0x0000002998700000] [id=208472]
  0x000001a7db534800 ConcurrentGCThread "G1 Young RemSet Sampling" [stack: 0x0000002998700000,0x0000002998800000] [id=209884]

Threads with active compile tasks:
C2 CompilerThread0  17557 3547   !   4       jdk.internal.loader.BuiltinClassLoader::loadClassOrNull (143 bytes)

VM state:not at safepoint (normal execution)

VM Mutex/Monitor currently owned by a thread: None

Heap address: 0x0000000080000000, size: 2048 MB, Compressed Oops mode: 32-bit
Narrow klass base: 0x0000000000000000, Narrow klass shift: 3
Compressed class space size: 1073741824 Address: 0x0000000100000000

Heap:
 garbage-first heap   total 157696K, used 45206K [0x0000000080000000, 0x0000000100000000)
  region size 1024K, 43 young (44032K), 5 survivors (5120K)
 Metaspace       used 27398K, capacity 27953K, committed 28208K, reserved 1075200K
  class space    used 3005K, capacity 3183K, committed 3200K, reserved 1048576K
Heap Regions: E=young(eden), S=young(survivor), O=old, HS=humongous(starts), HC=humongous(continues), CS=collection set, F=free, A=archive, TAMS=top-at-mark-start (previous, next)
|   0|0x0000000080000000, 0x0000000080100000, 0x0000000080100000|100%| O|  |TAMS 0x0000000080100000, 0x0000000080000000| Untracked 
|   1|0x0000000080100000, 0x0000000080200000, 0x0000000080200000|100%| O|  |TAMS 0x0000000080200000, 0x0000000080100000| Untracked 
|   2|0x0000000080200000, 0x00000000802da600, 0x0000000080300000| 85%| O|  |TAMS 0x00000000802da600, 0x0000000080200000| Untracked 
|   3|0x0000000080300000, 0x0000000080300000, 0x0000000080400000|  0%| F|  |TAMS 0x0000000080300000, 0x0000000080300000| Untracked 
|   4|0x0000000080400000, 0x0000000080400000, 0x0000000080500000|  0%| F|  |TAMS 0x0000000080400000, 0x0000000080400000| Untracked 
|   5|0x0000000080500000, 0x0000000080500000, 0x0000000080600000|  0%| F|  |TAMS 0x0000000080500000, 0x0000000080500000| Untracked 
|   6|0x0000000080600000, 0x0000000080600000, 0x0000000080700000|  0%| F|  |TAMS 0x0000000080600000, 0x0000000080600000| Untracked 
|   7|0x0000000080700000, 0x0000000080700000, 0x0000000080800000|  0%| F|  |TAMS 0x0000000080700000, 0x0000000080700000| Untracked 
|   8|0x0000000080800000, 0x0000000080800000, 0x0000000080900000|  0%| F|  |TAMS 0x0000000080800000, 0x0000000080800000| Untracked 
|   9|0x0000000080900000, 0x0000000080900000, 0x0000000080a00000|  0%| F|  |TAMS 0x0000000080900000, 0x0000000080900000| Untracked 
|  10|0x0000000080a00000, 0x0000000080a00000, 0x0000000080b00000|  0%| F|  |TAMS 0x0000000080a00000, 0x0000000080a00000| Untracked 
|  11|0x0000000080b00000, 0x0000000080b00000, 0x0000000080c00000|  0%| F|  |TAMS 0x0000000080b00000, 0x0000000080b00000| Untracked 
|  12|0x0000000080c00000, 0x0000000080c00000, 0x0000000080d00000|  0%| F|  |TAMS 0x0000000080c00000, 0x0000000080c00000| Untracked 
|  13|0x0000000080d00000, 0x0000000080d00000, 0x0000000080e00000|  0%| F|  |TAMS 0x0000000080d00000, 0x0000000080d00000| Untracked 
|  14|0x0000000080e00000, 0x0000000080e00000, 0x0000000080f00000|  0%| F|  |TAMS 0x0000000080e00000, 0x0000000080e00000| Untracked 
|  15|0x0000000080f00000, 0x0000000080f00000, 0x0000000081000000|  0%| F|  |TAMS 0x0000000080f00000, 0x0000000080f00000| Untracked 
|  16|0x0000000081000000, 0x0000000081000000, 0x0000000081100000|  0%| F|  |TAMS 0x0000000081000000, 0x0000000081000000| Untracked 
|  17|0x0000000081100000, 0x0000000081100000, 0x0000000081200000|  0%| F|  |TAMS 0x0000000081100000, 0x0000000081100000| Untracked 
|  18|0x0000000081200000, 0x0000000081200000, 0x0000000081300000|  0%| F|  |TAMS 0x0000000081200000, 0x0000000081200000| Untracked 
|  19|0x0000000081300000, 0x0000000081300000, 0x0000000081400000|  0%| F|  |TAMS 0x0000000081300000, 0x0000000081300000| Untracked 
|  20|0x0000000081400000, 0x0000000081400000, 0x0000000081500000|  0%| F|  |TAMS 0x0000000081400000, 0x0000000081400000| Untracked 
|  21|0x0000000081500000, 0x0000000081500000, 0x0000000081600000|  0%| F|  |TAMS 0x0000000081500000, 0x0000000081500000| Untracked 
|  22|0x0000000081600000, 0x0000000081600000, 0x0000000081700000|  0%| F|  |TAMS 0x0000000081600000, 0x0000000081600000| Untracked 
|  23|0x0000000081700000, 0x0000000081700000, 0x0000000081800000|  0%| F|  |TAMS 0x0000000081700000, 0x0000000081700000| Untracked 
|  24|0x0000000081800000, 0x0000000081800000, 0x0000000081900000|  0%| F|  |TAMS 0x0000000081800000, 0x0000000081800000| Untracked 
|  25|0x0000000081900000, 0x0000000081900000, 0x0000000081a00000|  0%| F|  |TAMS 0x0000000081900000, 0x0000000081900000| Untracked 
|  26|0x0000000081a00000, 0x0000000081a00000, 0x0000000081b00000|  0%| F|  |TAMS 0x0000000081a00000, 0x0000000081a00000| Untracked 
|  27|0x0000000081b00000, 0x0000000081b00000, 0x0000000081c00000|  0%| F|  |TAMS 0x0000000081b00000, 0x0000000081b00000| Untracked 
|  28|0x0000000081c00000, 0x0000000081c00000, 0x0000000081d00000|  0%| F|  |TAMS 0x0000000081c00000, 0x0000000081c00000| Untracked 
|  29|0x0000000081d00000, 0x0000000081d00000, 0x0000000081e00000|  0%| F|  |TAMS 0x0000000081d00000, 0x0000000081d00000| Untracked 
|  30|0x0000000081e00000, 0x0000000081e00000, 0x0000000081f00000|  0%| F|  |TAMS 0x0000000081e00000, 0x0000000081e00000| Untracked 
|  31|0x0000000081f00000, 0x0000000081f00000, 0x0000000082000000|  0%| F|  |TAMS 0x0000000081f00000, 0x0000000081f00000| Untracked 
|  32|0x0000000082000000, 0x0000000082000000, 0x0000000082100000|  0%| F|  |TAMS 0x0000000082000000, 0x0000000082000000| Untracked 
|  33|0x0000000082100000, 0x0000000082100000, 0x0000000082200000|  0%| F|  |TAMS 0x0000000082100000, 0x0000000082100000| Untracked 
|  34|0x0000000082200000, 0x0000000082200000, 0x0000000082300000|  0%| F|  |TAMS 0x0000000082200000, 0x0000000082200000| Untracked 
|  35|0x0000000082300000, 0x0000000082300000, 0x0000000082400000|  0%| F|  |TAMS 0x0000000082300000, 0x0000000082300000| Untracked 
|  36|0x0000000082400000, 0x0000000082400000, 0x0000000082500000|  0%| F|  |TAMS 0x0000000082400000, 0x0000000082400000| Untracked 
|  37|0x0000000082500000, 0x0000000082500000, 0x0000000082600000|  0%| F|  |TAMS 0x0000000082500000, 0x0000000082500000| Untracked 
|  38|0x0000000082600000, 0x0000000082600000, 0x0000000082700000|  0%| F|  |TAMS 0x0000000082600000, 0x0000000082600000| Untracked 
|  39|0x0000000082700000, 0x0000000082700000, 0x0000000082800000|  0%| F|  |TAMS 0x0000000082700000, 0x0000000082700000| Untracked 
|  40|0x0000000082800000, 0x0000000082800000, 0x0000000082900000|  0%| F|  |TAMS 0x0000000082800000, 0x0000000082800000| Untracked 
|  41|0x0000000082900000, 0x0000000082900000, 0x0000000082a00000|  0%| F|  |TAMS 0x0000000082900000, 0x0000000082900000| Untracked 
|  42|0x0000000082a00000, 0x0000000082a00000, 0x0000000082b00000|  0%| F|  |TAMS 0x0000000082a00000, 0x0000000082a00000| Untracked 
|  43|0x0000000082b00000, 0x0000000082b00000, 0x0000000082c00000|  0%| F|  |TAMS 0x0000000082b00000, 0x0000000082b00000| Untracked 
|  44|0x0000000082c00000, 0x0000000082c00000, 0x0000000082d00000|  0%| F|  |TAMS 0x0000000082c00000, 0x0000000082c00000| Untracked 
|  45|0x0000000082d00000, 0x0000000082d00000, 0x0000000082e00000|  0%| F|  |TAMS 0x0000000082d00000, 0x0000000082d00000| Untracked 
|  46|0x0000000082e00000, 0x0000000082e00000, 0x0000000082f00000|  0%| F|  |TAMS 0x0000000082e00000, 0x0000000082e00000| Untracked 
|  47|0x0000000082f00000, 0x0000000082f00000, 0x0000000083000000|  0%| F|  |TAMS 0x0000000082f00000, 0x0000000082f00000| Untracked 
|  48|0x0000000083000000, 0x0000000083000000, 0x0000000083100000|  0%| F|  |TAMS 0x0000000083000000, 0x0000000083000000| Untracked 
|  49|0x0000000083100000, 0x0000000083100000, 0x0000000083200000|  0%| F|  |TAMS 0x0000000083100000, 0x0000000083100000| Untracked 
|  50|0x0000000083200000, 0x0000000083200000, 0x0000000083300000|  0%| F|  |TAMS 0x0000000083200000, 0x0000000083200000| Untracked 
|  51|0x0000000083300000, 0x0000000083300000, 0x0000000083400000|  0%| F|  |TAMS 0x0000000083300000, 0x0000000083300000| Untracked 
|  52|0x0000000083400000, 0x0000000083400000, 0x0000000083500000|  0%| F|  |TAMS 0x0000000083400000, 0x0000000083400000| Untracked 
|  53|0x0000000083500000, 0x0000000083500000, 0x0000000083600000|  0%| F|  |TAMS 0x0000000083500000, 0x0000000083500000| Untracked 
|  54|0x0000000083600000, 0x0000000083600000, 0x0000000083700000|  0%| F|  |TAMS 0x0000000083600000, 0x0000000083600000| Untracked 
|  55|0x0000000083700000, 0x0000000083700000, 0x0000000083800000|  0%| F|  |TAMS 0x0000000083700000, 0x0000000083700000| Untracked 
|  56|0x0000000083800000, 0x0000000083800000, 0x0000000083900000|  0%| F|  |TAMS 0x0000000083800000, 0x0000000083800000| Untracked 
|  57|0x0000000083900000, 0x0000000083900000, 0x0000000083a00000|  0%| F|  |TAMS 0x0000000083900000, 0x0000000083900000| Untracked 
|  58|0x0000000083a00000, 0x0000000083a00000, 0x0000000083b00000|  0%| F|  |TAMS 0x0000000083a00000, 0x0000000083a00000| Untracked 
|  59|0x0000000083b00000, 0x0000000083b00000, 0x0000000083c00000|  0%| F|  |TAMS 0x0000000083b00000, 0x0000000083b00000| Untracked 
|  60|0x0000000083c00000, 0x0000000083c00000, 0x0000000083d00000|  0%| F|  |TAMS 0x0000000083c00000, 0x0000000083c00000| Untracked 
|  61|0x0000000083d00000, 0x0000000083d00000, 0x0000000083e00000|  0%| F|  |TAMS 0x0000000083d00000, 0x0000000083d00000| Untracked 
|  62|0x0000000083e00000, 0x0000000083e00000, 0x0000000083f00000|  0%| F|  |TAMS 0x0000000083e00000, 0x0000000083e00000| Untracked 
|  63|0x0000000083f00000, 0x0000000083f00000, 0x0000000084000000|  0%| F|  |TAMS 0x0000000083f00000, 0x0000000083f00000| Untracked 
|  64|0x0000000084000000, 0x0000000084000000, 0x0000000084100000|  0%| F|  |TAMS 0x0000000084000000, 0x0000000084000000| Untracked 
|  65|0x0000000084100000, 0x0000000084100000, 0x0000000084200000|  0%| F|  |TAMS 0x0000000084100000, 0x0000000084100000| Untracked 
|  66|0x0000000084200000, 0x0000000084200000, 0x0000000084300000|  0%| F|  |TAMS 0x0000000084200000, 0x0000000084200000| Untracked 
|  67|0x0000000084300000, 0x0000000084300000, 0x0000000084400000|  0%| F|  |TAMS 0x0000000084300000, 0x0000000084300000| Untracked 
|  68|0x0000000084400000, 0x0000000084400000, 0x0000000084500000|  0%| F|  |TAMS 0x0000000084400000, 0x0000000084400000| Untracked 
|  69|0x0000000084500000, 0x0000000084500000, 0x0000000084600000|  0%| F|  |TAMS 0x0000000084500000, 0x0000000084500000| Untracked 
|  70|0x0000000084600000, 0x0000000084600000, 0x0000000084700000|  0%| F|  |TAMS 0x0000000084600000, 0x0000000084600000| Untracked 
|  71|0x0000000084700000, 0x0000000084700000, 0x0000000084800000|  0%| F|  |TAMS 0x0000000084700000, 0x0000000084700000| Untracked 
|  72|0x0000000084800000, 0x0000000084800000, 0x0000000084900000|  0%| F|  |TAMS 0x0000000084800000, 0x0000000084800000| Untracked 
|  73|0x0000000084900000, 0x0000000084900000, 0x0000000084a00000|  0%| F|  |TAMS 0x0000000084900000, 0x0000000084900000| Untracked 
|  74|0x0000000084a00000, 0x0000000084a00000, 0x0000000084b00000|  0%| F|  |TAMS 0x0000000084a00000, 0x0000000084a00000| Untracked 
|  75|0x0000000084b00000, 0x0000000084b00000, 0x0000000084c00000|  0%| F|  |TAMS 0x0000000084b00000, 0x0000000084b00000| Untracked 
|  76|0x0000000084c00000, 0x0000000084c00000, 0x0000000084d00000|  0%| F|  |TAMS 0x0000000084c00000, 0x0000000084c00000| Untracked 
|  77|0x0000000084d00000, 0x0000000084d00000, 0x0000000084e00000|  0%| F|  |TAMS 0x0000000084d00000, 0x0000000084d00000| Untracked 
|  78|0x0000000084e00000, 0x0000000084e00000, 0x0000000084f00000|  0%| F|  |TAMS 0x0000000084e00000, 0x0000000084e00000| Untracked 
|  79|0x0000000084f00000, 0x0000000084f00000, 0x0000000085000000|  0%| F|  |TAMS 0x0000000084f00000, 0x0000000084f00000| Untracked 
|  80|0x0000000085000000, 0x0000000085000000, 0x0000000085100000|  0%| F|  |TAMS 0x0000000085000000, 0x0000000085000000| Untracked 
|  81|0x0000000085100000, 0x0000000085100000, 0x0000000085200000|  0%| F|  |TAMS 0x0000000085100000, 0x0000000085100000| Untracked 
|  82|0x0000000085200000, 0x0000000085200000, 0x0000000085300000|  0%| F|  |TAMS 0x0000000085200000, 0x0000000085200000| Untracked 
|  83|0x0000000085300000, 0x0000000085300000, 0x0000000085400000|  0%| F|  |TAMS 0x0000000085300000, 0x0000000085300000| Untracked 
|  84|0x0000000085400000, 0x0000000085400000, 0x0000000085500000|  0%| F|  |TAMS 0x0000000085400000, 0x0000000085400000| Untracked 
|  85|0x0000000085500000, 0x0000000085500000, 0x0000000085600000|  0%| F|  |TAMS 0x0000000085500000, 0x0000000085500000| Untracked 
|  86|0x0000000085600000, 0x0000000085600000, 0x0000000085700000|  0%| F|  |TAMS 0x0000000085600000, 0x0000000085600000| Untracked 
|  87|0x0000000085700000, 0x0000000085700000, 0x0000000085800000|  0%| F|  |TAMS 0x0000000085700000, 0x0000000085700000| Untracked 
|  88|0x0000000085800000, 0x0000000085800000, 0x0000000085900000|  0%| F|  |TAMS 0x0000000085800000, 0x0000000085800000| Untracked 
|  89|0x0000000085900000, 0x0000000085900000, 0x0000000085a00000|  0%| F|  |TAMS 0x0000000085900000, 0x0000000085900000| Untracked 
|  90|0x0000000085a00000, 0x0000000085a00000, 0x0000000085b00000|  0%| F|  |TAMS 0x0000000085a00000, 0x0000000085a00000| Untracked 
|  91|0x0000000085b00000, 0x0000000085b00000, 0x0000000085c00000|  0%| F|  |TAMS 0x0000000085b00000, 0x0000000085b00000| Untracked 
|  92|0x0000000085c00000, 0x0000000085c00000, 0x0000000085d00000|  0%| F|  |TAMS 0x0000000085c00000, 0x0000000085c00000| Untracked 
|  93|0x0000000085d00000, 0x0000000085d00000, 0x0000000085e00000|  0%| F|  |TAMS 0x0000000085d00000, 0x0000000085d00000| Untracked 
|  94|0x0000000085e00000, 0x0000000085e00000, 0x0000000085f00000|  0%| F|  |TAMS 0x0000000085e00000, 0x0000000085e00000| Untracked 
|  95|0x0000000085f00000, 0x0000000085f00000, 0x0000000086000000|  0%| F|  |TAMS 0x0000000085f00000, 0x0000000085f00000| Untracked 
|  96|0x0000000086000000, 0x0000000086000000, 0x0000000086100000|  0%| F|  |TAMS 0x0000000086000000, 0x0000000086000000| Untracked 
|  97|0x0000000086100000, 0x0000000086100000, 0x0000000086200000|  0%| F|  |TAMS 0x0000000086100000, 0x0000000086100000| Untracked 
|  98|0x0000000086200000, 0x0000000086200000, 0x0000000086300000|  0%| F|  |TAMS 0x0000000086200000, 0x0000000086200000| Untracked 
|  99|0x0000000086300000, 0x0000000086300000, 0x0000000086400000|  0%| F|  |TAMS 0x0000000086300000, 0x0000000086300000| Untracked 
| 100|0x0000000086400000, 0x0000000086400000, 0x0000000086500000|  0%| F|  |TAMS 0x0000000086400000, 0x0000000086400000| Untracked 
| 101|0x0000000086500000, 0x0000000086500000, 0x0000000086600000|  0%| F|  |TAMS 0x0000000086500000, 0x0000000086500000| Untracked 
| 102|0x0000000086600000, 0x0000000086600000, 0x0000000086700000|  0%| F|  |TAMS 0x0000000086600000, 0x0000000086600000| Untracked 
| 103|0x0000000086700000, 0x0000000086700000, 0x0000000086800000|  0%| F|  |TAMS 0x0000000086700000, 0x0000000086700000| Untracked 
| 104|0x0000000086800000, 0x0000000086800000, 0x0000000086900000|  0%| F|  |TAMS 0x0000000086800000, 0x0000000086800000| Untracked 
| 105|0x0000000086900000, 0x0000000086900000, 0x0000000086a00000|  0%| F|  |TAMS 0x0000000086900000, 0x0000000086900000| Untracked 
| 106|0x0000000086a00000, 0x0000000086a00000, 0x0000000086b00000|  0%| F|  |TAMS 0x0000000086a00000, 0x0000000086a00000| Untracked 
| 107|0x0000000086b00000, 0x0000000086b00000, 0x0000000086c00000|  0%| F|  |TAMS 0x0000000086b00000, 0x0000000086b00000| Untracked 
| 108|0x0000000086c00000, 0x0000000086c00000, 0x0000000086d00000|  0%| F|  |TAMS 0x0000000086c00000, 0x0000000086c00000| Untracked 
| 109|0x0000000086d00000, 0x0000000086d00000, 0x0000000086e00000|  0%| F|  |TAMS 0x0000000086d00000, 0x0000000086d00000| Untracked 
| 110|0x0000000086e00000, 0x0000000086e00000, 0x0000000086f00000|  0%| F|  |TAMS 0x0000000086e00000, 0x0000000086e00000| Untracked 
| 111|0x0000000086f00000, 0x0000000086f80800, 0x0000000087000000| 50%| E|  |TAMS 0x0000000086f00000, 0x0000000086f00000| Complete 
| 112|0x0000000087000000, 0x0000000087100000, 0x0000000087100000|100%| E|CS|TAMS 0x0000000087000000, 0x0000000087000000| Complete 
| 113|0x0000000087100000, 0x0000000087200000, 0x0000000087200000|100%| E|CS|TAMS 0x0000000087100000, 0x0000000087100000| Complete 
| 114|0x0000000087200000, 0x0000000087300000, 0x0000000087300000|100%| E|CS|TAMS 0x0000000087200000, 0x0000000087200000| Complete 
| 115|0x0000000087300000, 0x0000000087400000, 0x0000000087400000|100%| E|CS|TAMS 0x0000000087300000, 0x0000000087300000| Complete 
| 116|0x0000000087400000, 0x0000000087500000, 0x0000000087500000|100%| E|CS|TAMS 0x0000000087400000, 0x0000000087400000| Complete 
| 117|0x0000000087500000, 0x0000000087600000, 0x0000000087600000|100%| E|CS|TAMS 0x0000000087500000, 0x0000000087500000| Complete 
| 118|0x0000000087600000, 0x0000000087700000, 0x0000000087700000|100%| E|CS|TAMS 0x0000000087600000, 0x0000000087600000| Complete 
| 119|0x0000000087700000, 0x0000000087800000, 0x0000000087800000|100%| E|CS|TAMS 0x0000000087700000, 0x0000000087700000| Complete 
| 120|0x0000000087800000, 0x0000000087900000, 0x0000000087900000|100%| E|CS|TAMS 0x0000000087800000, 0x0000000087800000| Complete 
| 121|0x0000000087900000, 0x0000000087a00000, 0x0000000087a00000|100%| E|CS|TAMS 0x0000000087900000, 0x0000000087900000| Complete 
| 122|0x0000000087a00000, 0x0000000087b00000, 0x0000000087b00000|100%| E|CS|TAMS 0x0000000087a00000, 0x0000000087a00000| Complete 
| 123|0x0000000087b00000, 0x0000000087c00000, 0x0000000087c00000|100%| E|CS|TAMS 0x0000000087b00000, 0x0000000087b00000| Complete 
| 124|0x0000000087c00000, 0x0000000087d00000, 0x0000000087d00000|100%| E|CS|TAMS 0x0000000087c00000, 0x0000000087c00000| Complete 
| 125|0x0000000087d00000, 0x0000000087e00000, 0x0000000087e00000|100%| E|CS|TAMS 0x0000000087d00000, 0x0000000087d00000| Complete 
| 126|0x0000000087e00000, 0x0000000087f00000, 0x0000000087f00000|100%| E|CS|TAMS 0x0000000087e00000, 0x0000000087e00000| Complete 
| 127|0x0000000087f00000, 0x0000000088000000, 0x0000000088000000|100%| E|CS|TAMS 0x0000000087f00000, 0x0000000087f00000| Complete 
| 128|0x0000000088000000, 0x0000000088100000, 0x0000000088100000|100%| E|CS|TAMS 0x0000000088000000, 0x0000000088000000| Complete 
| 129|0x0000000088100000, 0x0000000088200000, 0x0000000088200000|100%| E|CS|TAMS 0x0000000088100000, 0x0000000088100000| Complete 
| 130|0x0000000088200000, 0x0000000088300000, 0x0000000088300000|100%| E|CS|TAMS 0x0000000088200000, 0x0000000088200000| Complete 
| 131|0x0000000088300000, 0x0000000088400000, 0x0000000088400000|100%| E|CS|TAMS 0x0000000088300000, 0x0000000088300000| Complete 
| 132|0x0000000088400000, 0x0000000088500000, 0x0000000088500000|100%| E|CS|TAMS 0x0000000088400000, 0x0000000088400000| Complete 
| 133|0x0000000088500000, 0x0000000088600000, 0x0000000088600000|100%| E|CS|TAMS 0x0000000088500000, 0x0000000088500000| Complete 
| 134|0x0000000088600000, 0x000000008864b2a0, 0x0000000088700000| 29%| S|CS|TAMS 0x0000000088600000, 0x0000000088600000| Complete 
| 135|0x0000000088700000, 0x0000000088800000, 0x0000000088800000|100%| S|CS|TAMS 0x0000000088700000, 0x0000000088700000| Complete 
| 136|0x0000000088800000, 0x0000000088900000, 0x0000000088900000|100%| S|CS|TAMS 0x0000000088800000, 0x0000000088800000| Complete 
| 137|0x0000000088900000, 0x0000000088a00000, 0x0000000088a00000|100%| S|CS|TAMS 0x0000000088900000, 0x0000000088900000| Complete 
| 138|0x0000000088a00000, 0x0000000088b00000, 0x0000000088b00000|100%| S|CS|TAMS 0x0000000088a00000, 0x0000000088a00000| Complete 
| 139|0x0000000088b00000, 0x0000000088c00000, 0x0000000088c00000|100%| E|CS|TAMS 0x0000000088b00000, 0x0000000088b00000| Complete 
| 140|0x0000000088c00000, 0x0000000088d00000, 0x0000000088d00000|100%| E|CS|TAMS 0x0000000088c00000, 0x0000000088c00000| Complete 
| 141|0x0000000088d00000, 0x0000000088e00000, 0x0000000088e00000|100%| E|CS|TAMS 0x0000000088d00000, 0x0000000088d00000| Complete 
| 142|0x0000000088e00000, 0x0000000088f00000, 0x0000000088f00000|100%| E|CS|TAMS 0x0000000088e00000, 0x0000000088e00000| Complete 
| 143|0x0000000088f00000, 0x0000000089000000, 0x0000000089000000|100%| E|CS|TAMS 0x0000000088f00000, 0x0000000088f00000| Complete 
| 144|0x0000000089000000, 0x0000000089100000, 0x0000000089100000|100%| E|CS|TAMS 0x0000000089000000, 0x0000000089000000| Complete 
| 145|0x0000000089100000, 0x0000000089200000, 0x0000000089200000|100%| E|CS|TAMS 0x0000000089100000, 0x0000000089100000| Complete 
| 146|0x0000000089200000, 0x0000000089300000, 0x0000000089300000|100%| E|CS|TAMS 0x0000000089200000, 0x0000000089200000| Complete 
| 147|0x0000000089300000, 0x0000000089400000, 0x0000000089400000|100%| E|CS|TAMS 0x0000000089300000, 0x0000000089300000| Complete 
| 148|0x0000000089400000, 0x0000000089500000, 0x0000000089500000|100%| E|CS|TAMS 0x0000000089400000, 0x0000000089400000| Complete 
| 149|0x0000000089500000, 0x0000000089600000, 0x0000000089600000|100%| E|CS|TAMS 0x0000000089500000, 0x0000000089500000| Complete 
| 150|0x0000000089600000, 0x0000000089700000, 0x0000000089700000|100%| E|CS|TAMS 0x0000000089600000, 0x0000000089600000| Complete 
| 151|0x0000000089700000, 0x0000000089800000, 0x0000000089800000|100%| E|CS|TAMS 0x0000000089700000, 0x0000000089700000| Complete 
| 152|0x0000000089800000, 0x0000000089900000, 0x0000000089900000|100%| E|CS|TAMS 0x0000000089800000, 0x0000000089800000| Complete 
| 153|0x0000000089900000, 0x0000000089a00000, 0x0000000089a00000|100%| E|CS|TAMS 0x0000000089900000, 0x0000000089900000| Complete 

Card table byte_map: [0x000001a7f3b10000,0x000001a7f3f10000] _byte_map_base: 0x000001a7f3710000

Marking Bits (Prev, Next): (CMBitMap*) 0x000001a7db37e8a0, (CMBitMap*) 0x000001a7db37e868
 Prev Bits: [0x000001a7f6310000, 0x000001a7f8310000)
 Next Bits: [0x000001a7f4310000, 0x000001a7f6310000)

Polling page: 0x000001a7db250000

Metaspace:

Usage:
  Non-class:     24.19 MB capacity,    23.82 MB ( 98%) used,   340.91 KB (  1%) free+waste,    36.13 KB ( <1%) overhead. 
      Class:      3.11 MB capacity,     2.94 MB ( 94%) used,   160.95 KB (  5%) free+waste,    16.06 KB ( <1%) overhead. 
       Both:     27.30 MB capacity,    26.76 MB ( 98%) used,   501.86 KB (  2%) free+waste,    52.19 KB ( <1%) overhead. 

Virtual space:
  Non-class space:       26.00 MB reserved,      24.42 MB ( 94%) committed 
      Class space:        1.00 GB reserved,       3.13 MB ( <1%) committed 
             Both:        1.03 GB reserved,      27.55 MB (  3%) committed 

Chunk freelists:
   Non-Class:  5.75 KB
       Class:  2.13 KB
        Both:  7.88 KB

CodeHeap 'non-profiled nmethods': size=120064Kb used=1717Kb max_used=1717Kb free=118347Kb
 bounds [0x000001a7ebdd0000, 0x000001a7ec040000, 0x000001a7f3310000]
CodeHeap 'profiled nmethods': size=120000Kb used=7785Kb max_used=7785Kb free=112214Kb
 bounds [0x000001a7e48a0000, 0x000001a7e5040000, 0x000001a7ebdd0000]
CodeHeap 'non-nmethods': size=5696Kb used=1134Kb max_used=1149Kb free=4562Kb
 bounds [0x000001a7e4310000, 0x000001a7e4580000, 0x000001a7e48a0000]
 total_blobs=3987 nmethods=3544 adapters=354
 compilation: enabled
              stopped_count=0, restarted_count=0
 full_count=0

Compilation events (10 events):
Event: 17.059 Thread 0x000001a7fa77b000 nmethod 3542 0x000001a7e5036590 code [0x000001a7e5036840, 0x000001a7e50376b8]
Event: 17.068 Thread 0x000001a7fa77b000 3543       3       jdk.internal.loader.BuiltinClassLoader::loadClass (22 bytes)
Event: 17.068 Thread 0x000001a7fa77b000 nmethod 3543 0x000001a7e5037b90 code [0x000001a7e5037d40, 0x000001a7e5037fd8]
Event: 17.069 Thread 0x000001a7fa77b000 3544       1       java.util.concurrent.CopyOnWriteArrayList::getArray (5 bytes)
Event: 17.070 Thread 0x000001a7fa77b000 nmethod 3544 0x000001a7ebf7cd90 code [0x000001a7ebf7cf20, 0x000001a7ebf7cfd8]
Event: 17.072 Thread 0x000001a7fa741000 3545       4       jdk.internal.jimage.ImageReader::findLocation (14 bytes)
Event: 17.073 Thread 0x000001a7fa741000 nmethod 3545 0x000001a7ebf7d090 code [0x000001a7ebf7d220, 0x000001a7ebf7d2e8]
Event: 17.077 Thread 0x000001a7fa77b000 3546       3       jdk.internal.reflect.ReflectionFactory::newConstructorAccessor (154 bytes)
Event: 17.080 Thread 0x000001a7fa77b000 nmethod 3546 0x000001a7e5038110 code [0x000001a7e50384c0, 0x000001a7e5039e98]
Event: 17.093 Thread 0x000001a7fa741000 3547   !   4       jdk.internal.loader.BuiltinClassLoader::loadClassOrNull (143 bytes)

GC Heap History (10 events):
Event: 3.783 GC heap before
{Heap before GC invocations=1 (full 0):
 garbage-first heap   total 131072K, used 7201K [0x0000000080000000, 0x0000000100000000)
  region size 1024K, 6 young (6144K), 1 survivors (1024K)
 Metaspace       used 10305K, capacity 10504K, committed 10624K, reserved 1058816K
  class space    used 960K, capacity 1056K, committed 1152K, reserved 1048576K
}
Event: 3.793 GC heap after
{Heap after GC invocations=2 (full 0):
 garbage-first heap   total 131072K, used 3004K [0x0000000080000000, 0x0000000100000000)
  region size 1024K, 1 young (1024K), 1 survivors (1024K)
 Metaspace       used 10305K, capacity 10504K, committed 10624K, reserved 1058816K
  class space    used 960K, capacity 1056K, committed 1152K, reserved 1048576K
}
Event: 4.683 GC heap before
{Heap before GC invocations=2 (full 0):
 garbage-first heap   total 131072K, used 15292K [0x0000000080000000, 0x0000000100000000)
  region size 1024K, 14 young (14336K), 1 survivors (1024K)
 Metaspace       used 12412K, capacity 12660K, committed 12928K, reserved 1060864K
  class space    used 1258K, capacity 1348K, committed 1408K, reserved 1048576K
}
Event: 4.692 GC heap after
{Heap after GC invocations=3 (full 0):
 garbage-first heap   total 131072K, used 3646K [0x0000000080000000, 0x0000000100000000)
  region size 1024K, 2 young (2048K), 2 survivors (2048K)
 Metaspace       used 12412K, capacity 12660K, committed 12928K, reserved 1060864K
  class space    used 1258K, capacity 1348K, committed 1408K, reserved 1048576K
}
Event: 6.959 GC heap before
{Heap before GC invocations=3 (full 0):
 garbage-first heap   total 131072K, used 22078K [0x0000000080000000, 0x0000000100000000)
  region size 1024K, 20 young (20480K), 2 survivors (2048K)
 Metaspace       used 14778K, capacity 14939K, committed 15232K, reserved 1062912K
  class space    used 1541K, capacity 1617K, committed 1664K, reserved 1048576K
}
Event: 6.973 GC heap after
{Heap after GC invocations=4 (full 0):
 garbage-first heap   total 131072K, used 4358K [0x0000000080000000, 0x0000000100000000)
  region size 1024K, 3 young (3072K), 3 survivors (3072K)
 Metaspace       used 14778K, capacity 14939K, committed 15232K, reserved 1062912K
  class space    used 1541K, capacity 1617K, committed 1664K, reserved 1048576K
}
Event: 10.609 GC heap before
{Heap before GC invocations=4 (full 0):
 garbage-first heap   total 131072K, used 33030K [0x0000000080000000, 0x0000000100000000)
  region size 1024K, 31 young (31744K), 3 survivors (3072K)
 Metaspace       used 19974K, capacity 20257K, committed 20480K, reserved 1067008K
  class space    used 2138K, capacity 2245K, committed 2304K, reserved 1048576K
}
Event: 10.640 GC heap after
{Heap after GC invocations=5 (full 0):
 garbage-first heap   total 157696K, used 6373K [0x0000000080000000, 0x0000000100000000)
  region size 1024K, 4 young (4096K), 4 survivors (4096K)
 Metaspace       used 19974K, capacity 20257K, committed 20480K, reserved 1067008K
  class space    used 2138K, capacity 2245K, committed 2304K, reserved 1048576K
}
Event: 11.593 GC heap before
{Heap before GC invocations=5 (full 0):
 garbage-first heap   total 157696K, used 20709K [0x0000000080000000, 0x0000000100000000)
  region size 1024K, 19 young (19456K), 4 survivors (4096K)
 Metaspace       used 20803K, capacity 21152K, committed 21296K, reserved 1069056K
  class space    used 2221K, capacity 2351K, committed 2432K, reserved 1048576K
}
Event: 11.620 GC heap after
{Heap after GC invocations=6 (full 0):
 garbage-first heap   total 157696K, used 7318K [0x0000000080000000, 0x0000000100000000)
  region size 1024K, 5 young (5120K), 5 survivors (5120K)
 Metaspace       used 20803K, capacity 21152K, committed 21296K, reserved 1069056K
  class space    used 2221K, capacity 2351K, committed 2432K, reserved 1048576K
}

Deoptimization events (10 events):
Event: 15.096 Thread 0x000001a7db46b000 Uncommon trap: reason=profile_predicate action=maybe_recompile pc=0x000001a7ebf52e28 method=java.util.concurrent.ConcurrentHashMap.putAll(Ljava/util/Map;)V @ 28 c2
Event: 15.096 Thread 0x000001a7db46b000 Uncommon trap: reason=profile_predicate action=maybe_recompile pc=0x000001a7ebf52e28 method=java.util.concurrent.ConcurrentHashMap.putAll(Ljava/util/Map;)V @ 28 c2
Event: 15.096 Thread 0x000001a7db46b000 Uncommon trap: reason=profile_predicate action=maybe_recompile pc=0x000001a7ebf52e28 method=java.util.concurrent.ConcurrentHashMap.putAll(Ljava/util/Map;)V @ 28 c2
Event: 15.117 Thread 0x000001a7db46b000 Uncommon trap: reason=unstable_if action=reinterpret pc=0x000001a7ebef2f44 method=org.apache.maven.model.io.xpp3.MavenXpp3Reader.nextTag(Lorg/codehaus/plexus/util/xml/pull/XmlPullParser;)I @ 9 c2
Event: 15.335 Thread 0x000001a7db46b000 Uncommon trap: reason=unstable_if action=reinterpret pc=0x000001a7ebec6654 method=java.lang.StringLatin1.trim([B)Ljava/lang/String; @ 60 c2
Event: 15.503 Thread 0x000001a7db46b000 Uncommon trap: reason=unstable_if action=reinterpret pc=0x000001a7ebec5c2c method=java.lang.StringLatin1.trim([B)Ljava/lang/String; @ 60 c2
Event: 15.566 Thread 0x000001a7db46b000 Uncommon trap: reason=unstable_if action=reinterpret pc=0x000001a7ebec508c method=java.lang.String.indexOf([BBILjava/lang/String;I)I @ 54 c2
Event: 16.596 Thread 0x000001a7db46b000 Uncommon trap: reason=unstable_if action=reinterpret pc=0x000001a7ebe4ae58 method=java.nio.Buffer.limit(I)Ljava/nio/Buffer; @ 42 c2
Event: 16.597 Thread 0x000001a7db46b000 Uncommon trap: reason=unstable_if action=reinterpret pc=0x000001a7ebe23444 method=java.nio.Buffer.limit(I)Ljava/nio/Buffer; @ 42 c2
Event: 17.071 Thread 0x000001a7db46b000 Uncommon trap: reason=unstable_if action=reinterpret pc=0x000001a7ebe5a688 method=jdk.internal.module.SystemModuleFinders$SystemModuleReader.find(Ljava/lang/String;)Ljava/util/Optional; @ 7 c2

Classes redefined (0 events):
No events

Internal exceptions (10 events):
Event: 16.775 Thread 0x000001a7db46b000 Exception <a 'sun/nio/fs/WindowsException'{0x000000008729d980}> (0x000000008729d980) thrown at [./open/src/hotspot/share/prims/jni.cpp, line 611]
Event: 16.776 Thread 0x000001a7db46b000 Exception <a 'sun/nio/fs/WindowsException'{0x00000000872a0460}> (0x00000000872a0460) thrown at [./open/src/hotspot/share/prims/jni.cpp, line 611]
Event: 16.793 Thread 0x000001a7db46b000 Exception <a 'sun/nio/fs/WindowsException'{0x00000000872cf9d0}> (0x00000000872cf9d0) thrown at [./open/src/hotspot/share/prims/jni.cpp, line 611]
Event: 16.793 Thread 0x000001a7db46b000 Exception <a 'sun/nio/fs/WindowsException'{0x00000000872cfce8}> (0x00000000872cfce8) thrown at [./open/src/hotspot/share/prims/jni.cpp, line 611]
Event: 16.795 Thread 0x000001a7db46b000 Exception <a 'sun/nio/fs/WindowsException'{0x00000000872d2260}> (0x00000000872d2260) thrown at [./open/src/hotspot/share/prims/jni.cpp, line 611]
Event: 16.795 Thread 0x000001a7db46b000 Exception <a 'sun/nio/fs/WindowsException'{0x00000000872d24b0}> (0x00000000872d24b0) thrown at [./open/src/hotspot/share/prims/jni.cpp, line 611]
Event: 16.812 Thread 0x000001a7db46b000 Exception <a 'java/lang/NoSuchMethodError'{0x00000000872e6468}: java.lang.invoke.DirectMethodHandle$Holder.invokeVirtual(Ljava/lang/Object;Ljava/lang/Object;Ljava/lang/Object;)I> (0x00000000872e6468) thrown at [./open/src/hotspot/share/interpreter/linkRes
Event: 16.908 Thread 0x000001a7db46b000 Exception <a 'java/lang/NoSuchMethodError'{0x00000000871f7dd8}: java.lang.invoke.DirectMethodHandle$Holder.invokeStaticInit(Ljava/lang/Object;Ljava/lang/Object;)I> (0x00000000871f7dd8) thrown at [./open/src/hotspot/share/interpreter/linkResolver.cpp, line
Event: 17.029 Thread 0x000001a7db46b000 Exception <a 'java/lang/NoSuchMethodError'{0x00000000870c2068}: java.lang.invoke.DirectMethodHandle$Holder.invokeVirtual(Ljava/lang/Object;Ljava/lang/Object;)I> (0x00000000870c2068) thrown at [./open/src/hotspot/share/interpreter/linkResolver.cpp, line 77
Event: 17.038 Thread 0x000001a7db46b000 Exception <a 'java/lang/NoSuchMethodError'{0x00000000870f0bd8}: java.lang.invoke.Invokers$Holder.linkToTargetMethod(Ljava/lang/Object;Ljava/lang/Object;Ljava/lang/Object;Ljava/lang/Object;Ljava/lang/Object;Ljava/lang/Object;)Ljava/lang/Object;> (0x0000000

Events (10 events):
Event: 17.077 loading class jdk/internal/jrtfs/SystemImage
Event: 17.077 loading class jdk/internal/jrtfs/SystemImage done
Event: 17.080 loading class jdk/internal/jrtfs/SystemImage$2
Event: 17.080 loading class jdk/internal/jrtfs/SystemImage$2 done
Event: 17.080 loading class jdk/internal/jimage/ImageReader$Directory
Event: 17.080 loading class jdk/internal/jimage/ImageReader$Node
Event: 17.080 loading class jdk/internal/jimage/ImageReader$Node done
Event: 17.080 loading class jdk/internal/jimage/ImageReader$Directory done
Event: 17.081 loading class jdk/internal/jrtfs/SystemImage$1
Event: 17.081 loading class jdk/internal/jrtfs/SystemImage$1 done


Dynamic libraries:
0x00007ff7103b0000 - 0x00007ff7103bf000 	C:\Program Files\Java\jdk-11.0.15\bin\java.exe
0x00007ff99a2d0000 - 0x00007ff99a4c8000 	C:\Windows\SYSTEM32\ntdll.dll
0x00007ff999990000 - 0x00007ff999a4d000 	C:\Windows\System32\KERNEL32.DLL
0x00007ff997a90000 - 0x00007ff997d5e000 	C:\Windows\System32\KERNELBASE.dll
0x00007ff998120000 - 0x00007ff998220000 	C:\Windows\System32\ucrtbase.dll
0x00007ff9872d0000 - 0x00007ff9872e8000 	C:\Program Files\Java\jdk-11.0.15\bin\jli.dll
0x00007ff999530000 - 0x00007ff9995de000 	C:\Windows\System32\ADVAPI32.dll
0x00007ff999c90000 - 0x00007ff999d2e000 	C:\Windows\System32\msvcrt.dll
0x00007ff9987a0000 - 0x00007ff99883c000 	C:\Windows\System32\sechost.dll
0x00007ff999320000 - 0x00007ff999445000 	C:\Windows\System32\RPCRT4.dll
0x00007ff99a090000 - 0x00007ff99a230000 	C:\Windows\System32\USER32.dll
0x00007ff9979f0000 - 0x00007ff997a12000 	C:\Windows\System32\win32u.dll
0x00007ff998840000 - 0x00007ff99886a000 	C:\Windows\System32\GDI32.dll
0x00007ff998220000 - 0x00007ff99832b000 	C:\Windows\System32\gdi32full.dll
0x00007ff997d60000 - 0x00007ff997dfd000 	C:\Windows\System32\msvcp_win.dll
0x00007ff987380000 - 0x00007ff987395000 	C:\Program Files\Java\jdk-11.0.15\bin\VCRUNTIME140.dll
0x00007ff986e30000 - 0x00007ff9870ca000 	C:\Windows\WinSxS\amd64_microsoft.windows.common-controls_6595b64144ccf1df_6.0.19041.1110_none_60b5254171f9507e\COMCTL32.dll
0x00007ff98f290000 - 0x00007ff98f29a000 	C:\Windows\SYSTEM32\VERSION.dll
0x00007ff998920000 - 0x00007ff998950000 	C:\Windows\System32\IMM32.DLL
0x00007ff987230000 - 0x00007ff9872cb000 	C:\Program Files\Java\jdk-11.0.15\bin\msvcp140.dll
0x00007ff985d40000 - 0x00007ff986856000 	C:\Program Files\Java\jdk-11.0.15\bin\server\jvm.dll
0x00007ff9992a0000 - 0x00007ff9992a8000 	C:\Windows\System32\PSAPI.DLL
0x00007ff987370000 - 0x00007ff987379000 	C:\Windows\SYSTEM32\WSOCK32.dll
0x00007ff9992b0000 - 0x00007ff99931b000 	C:\Windows\System32\WS2_32.dll
0x00007ff987200000 - 0x00007ff987227000 	C:\Windows\SYSTEM32\WINMM.dll
0x00007ff9958d0000 - 0x00007ff9958e2000 	C:\Windows\SYSTEM32\kernel.appcore.dll
0x00007ff985bc0000 - 0x00007ff985bd0000 	C:\Program Files\Java\jdk-11.0.15\bin\verify.dll
0x00007ff9907f0000 - 0x00007ff9909d4000 	C:\Windows\SYSTEM32\DBGHELP.DLL
0x00007ff9907c0000 - 0x00007ff9907ec000 	C:\Windows\SYSTEM32\dbgcore.DLL
0x00007ff998040000 - 0x00007ff9980c2000 	C:\Windows\System32\bcryptPrimitives.dll
0x00007ff985b90000 - 0x00007ff985bb8000 	C:\Program Files\Java\jdk-11.0.15\bin\java.dll
0x00007ff985b80000 - 0x00007ff985b8a000 	C:\Program Files\Java\jdk-11.0.15\bin\jimage.dll
0x00007ff985b60000 - 0x00007ff985b76000 	C:\Program Files\Java\jdk-11.0.15\bin\zip.dll
0x00007ff998a70000 - 0x00007ff9991b4000 	C:\Windows\System32\SHELL32.dll
0x00007ff995ad0000 - 0x00007ff996264000 	C:\Windows\SYSTEM32\windows.storage.dll
0x00007ff999d30000 - 0x00007ff99a084000 	C:\Windows\System32\combase.dll
0x00007ff9972a0000 - 0x00007ff9972d0000 	C:\Windows\SYSTEM32\Wldp.dll
0x00007ff999be0000 - 0x00007ff999c8d000 	C:\Windows\System32\SHCORE.dll
0x00007ff9995e0000 - 0x00007ff999635000 	C:\Windows\System32\shlwapi.dll
0x00007ff997930000 - 0x00007ff99794f000 	C:\Windows\SYSTEM32\profapi.dll
0x00007ff98fc60000 - 0x00007ff98fc79000 	C:\Program Files\Java\jdk-11.0.15\bin\net.dll
0x00007ff98eb80000 - 0x00007ff98ec8a000 	C:\Windows\SYSTEM32\WINHTTP.dll
0x00007ff997080000 - 0x00007ff9970ea000 	C:\Windows\system32\mswsock.dll
0x00007ff98fc40000 - 0x00007ff98fc52000 	C:\Program Files\Java\jdk-11.0.15\bin\nio.dll
0x0000000069ac0000 - 0x0000000069ae4000 	C:\Users\sfjbs\Downloads\apache-maven-3.8.6-bin\apache-maven-3.8.6\lib\jansi-native\Windows\x86_64\jansi.dll

dbghelp: loaded successfully - version: 4.0.5 - missing functions: none
symbol engine: initialized successfully - sym options: 0x614 - pdb path: .;C:\Program Files\Java\jdk-11.0.15\bin;C:\Windows\SYSTEM32;C:\Windows\WinSxS\amd64_microsoft.windows.common-controls_6595b64144ccf1df_6.0.19041.1110_none_60b5254171f9507e;C:\Program Files\Java\jdk-11.0.15\bin\server;C:\Users\sfjbs\Downloads\apache-maven-3.8.6-bin\apache-maven-3.8.6\lib\jansi-native\Windows\x86_64

VM Arguments:
jvm_args: -Dclassworlds.conf=C:\Users\sfjbs\Downloads\apache-maven-3.8.6-bin\apache-maven-3.8.6\bin\m2.conf -Dmaven.home=C:\Users\sfjbs\Downloads\apache-maven-3.8.6-bin\apache-maven-3.8.6 -Dlibrary.jansi.path=C:\Users\sfjbs\Downloads\apache-maven-3.8.6-bin\apache-maven-3.8.6\lib\jansi-native -Dmaven.multiModuleProjectDirectory=C:\Users\sfjbs\IdeaProjects\darsh\Day1\simple-maven-app 
java_command: org.codehaus.plexus.classworlds.launcher.Launcher clean install
java_class_path (initial): C:\Users\sfjbs\Downloads\apache-maven-3.8.6-bin\apache-maven-3.8.6\boot\plexus-classworlds-2.6.0.jar
Launcher Type: SUN_STANDARD

[Global flags]
     intx CICompilerCount                          = 2                                         {product} {ergonomic}
     uint ConcGCThreads                            = 1                                         {product} {ergonomic}
     uint G1ConcRefinementThreads                  = 2                                         {product} {ergonomic}
   size_t G1HeapRegionSize                         = 1048576                                   {product} {ergonomic}
    uintx GCDrainStackTargetSize                   = 64                                        {product} {ergonomic}
   size_t InitialHeapSize                          = 134217728                                 {product} {ergonomic}
   size_t MarkStackSize                            = 4194304                                   {product} {ergonomic}
   size_t MaxHeapSize                              = 2147483648                                {product} {ergonomic}
   size_t MaxNewSize                               = 1287651328                                {product} {ergonomic}
   size_t MinHeapDeltaBytes                        = 1048576                                   {product} {ergonomic}
    uintx NonNMethodCodeHeapSize                   = 5825164                                {pd product} {ergonomic}
    uintx NonProfiledCodeHeapSize                  = 122916538                              {pd product} {ergonomic}
    uintx ProfiledCodeHeapSize                     = 122916538                              {pd product} {ergonomic}
    uintx ReservedCodeCacheSize                    = 251658240                              {pd product} {ergonomic}
     bool SegmentedCodeCache                       = true                                      {product} {ergonomic}
     bool UseCompressedClassPointers               = true                                 {lp64_product} {ergonomic}
     bool UseCompressedOops                        = true                                 {lp64_product} {ergonomic}
     bool UseG1GC                                  = true                                      {product} {ergonomic}
     bool UseLargePagesIndividualAllocation        = false                                  {pd product} {ergonomic}

Logging:
Log output configuration:
 #0: stdout all=warning uptime,level,tags
 #1: stderr all=off uptime,level,tags

Environment Variables:
PATH=C:\Program Files\Common Files\Oracle\Java\javapath;C:\Windows\system32;C:\Windows;C:\Windows\System32\Wbem;C:\Windows\System32\WindowsPowerShell\v1.0\;C:\Windows\System32\OpenSSH\;C:\Program Files\PuTTY\;C:\Program Files\Git\cmd;C:\Program Files\Docker\Docker\resources\bin;C:\ProgramData\DockerDesktop\version-bin;C:\Users\sfjbs\Downloads\apache-maven-3.8.6-bin\apache-maven-3.8.6\bin;C:\Users\sfjbs\Downloads\apache-maven-3.8.6-bin\apache-maven-3.8.6\lib;C:\Users\sfjbs\AppData\Local\Microsoft\WindowsApps;C:\Program Files\JetBrains\IntelliJ IDEA Community Edition 2022.2.1\bin;;C:\Users\sfjbs\Downloads\apache-maven-3.8.6-bin\apache-maven-3.8.6\bin;C:\Users\sfjbs\Downloads\apache-maven-3.8.6-bin\apache-maven-3.8.6\lib;
USERNAME=sfjbs
OS=Windows_NT
PROCESSOR_IDENTIFIER=Intel64 Family 6 Model 85 Stepping 7, GenuineIntel



---------------  S Y S T E M  ---------------

OS: Windows 10 , 64 bit Build 19041 (10.0.19041.1889)
Hyper-V role detected

CPU:total 2 (initial active 2) (1 cores per cpu, 2 threads per core) family 6 model 85 stepping 7 microcode 0xffffffff, cmov, cx8, fxsr, mmx, sse, sse2, sse3, ssse3, sse4.1, sse4.2, popcnt, avx, avx2, aes, clmul, erms, rtm, 3dnowpref, lzcnt, ht, tsc, bmi1, bmi2, adx, evex, fma

Memory: 4k page, system-wide physical 8190M (245M free)
TotalPageFile size 10238M (AvailPageFile size 4M)
current process WorkingSet (physical memory assigned to process): 168M, peak: 168M
current process commit charge ("private bytes"): 285M, peak: 285M

vm_info: Java HotSpot(TM) 64-Bit Server VM (11.0.15+8-LTS-149) for windows-amd64 JRE (11.0.15+8-LTS-149), built on Mar  9 2022 22:42:32 by "mach5one" with MS VC++ 15.9 (VS2017)

END.
